<?xml version="1.0" encoding="UTF-8"?>
<testsuite xmlns:xsi="http://www.w3.org/2001/XMLSchema-instance" xsi:noNamespaceSchemaLocation="https://maven.apache.org/surefire/maven-surefire-plugin/xsd/surefire-test-report.xsd" name="xin.spring.bless.fast.AppTest" time="0.038" tests="1" errors="0" skipped="0" failures="0">
  <properties>
    <property name="sun.desktop" value="windows"/>
    <property name="awt.toolkit" value="sun.awt.windows.WToolkit"/>
    <property name="file.encoding.pkg" value="sun.io"/>
    <property name="java.specification.version" value="1.8"/>
    <property name="sun.cpu.isalist" value="amd64"/>
    <property name="sun.jnu.encoding" value="GBK"/>
    <property name="java.class.path" value="D:\项目工作空间\个人空间\dfs\commons-lang\target\test-classes;D:\项目工作空间\个人空间\dfs\commons-lang\target\classes;C:\java-dev\apache-maven\repository\junit\junit\4.12\junit-4.12.jar;C:\java-dev\apache-maven\repository\org\hamcrest\hamcrest-core\1.3\hamcrest-core-1.3.jar;C:\java-dev\apache-maven\repository\commons-lang\commons-lang\2.6\commons-lang-2.6.jar;C:\java-dev\apache-maven\repository\commons-io\commons-io\2.5\commons-io-2.5.jar;C:\java-dev\apache-maven\repository\org\apache\poi\poi\3.17\poi-3.17.jar;C:\java-dev\apache-maven\repository\commons-codec\commons-codec\1.10\commons-codec-1.10.jar;C:\java-dev\apache-maven\repository\org\apache\commons\commons-collections4\4.1\commons-collections4-4.1.jar;C:\java-dev\apache-maven\repository\org\apache\poi\poi-ooxml\3.17\poi-ooxml-3.17.jar;C:\java-dev\apache-maven\repository\com\github\virtuald\curvesapi\1.04\curvesapi-1.04.jar;C:\java-dev\apache-maven\repository\org\apache\poi\poi-scratchpad\3.17\poi-scratchpad-3.17.jar;C:\java-dev\apache-maven\repository\org\apache\poi\ooxml-schemas\1.1\ooxml-schemas-1.1.jar;C:\java-dev\apache-maven\repository\org\apache\xmlbeans\xmlbeans\2.3.0\xmlbeans-2.3.0.jar;C:\java-dev\apache-maven\repository\stax\stax-api\1.0.1\stax-api-1.0.1.jar;C:\java-dev\apache-maven\repository\org\apache\poi\poi-ooxml-schemas\3.17\poi-ooxml-schemas-3.17.jar;C:\java-dev\apache-maven\repository\org\slf4j\slf4j-api\1.7.13\slf4j-api-1.7.13.jar;C:\java-dev\apache-maven\repository\ch\qos\logback\logback-classic\1.2.3\logback-classic-1.2.3.jar;C:\java-dev\apache-maven\repository\ch\qos\logback\logback-core\1.2.3\logback-core-1.2.3.jar;"/>
    <property name="java.vm.vendor" value="Oracle Corporation"/>
    <property name="sun.arch.data.model" value="64"/>
    <property name="user.variant" value=""/>
    <property name="java.vendor.url" value="http://java.oracle.com/"/>
    <property name="user.timezone" value="Asia/Shanghai"/>
    <property name="java.vm.specification.version" value="1.8"/>
    <property name="os.name" value="Windows 10"/>
    <property name="user.country" value="CN"/>
    <property name="sun.java.launcher" value="SUN_STANDARD"/>
    <property name="sun.boot.library.path" value="C:\java-dev\java\jdk1.8.0_261\jre\bin"/>
    <property name="sun.java.command" value="C:\Users\spring\AppData\Local\Temp\surefire9103899613321478504\surefirebooter3110498176415442246.jar C:\Users\spring\AppData\Local\Temp\surefire9103899613321478504 2020-08-22T16-17-32_816-jvmRun1 surefire5064724378731519028tmp surefire_08622709383027650542tmp"/>
    <property name="surefire.test.class.path" value="D:\项目工作空间\个人空间\dfs\commons-lang\target\test-classes;D:\项目工作空间\个人空间\dfs\commons-lang\target\classes;C:\java-dev\apache-maven\repository\junit\junit\4.12\junit-4.12.jar;C:\java-dev\apache-maven\repository\org\hamcrest\hamcrest-core\1.3\hamcrest-core-1.3.jar;C:\java-dev\apache-maven\repository\commons-lang\commons-lang\2.6\commons-lang-2.6.jar;C:\java-dev\apache-maven\repository\commons-io\commons-io\2.5\commons-io-2.5.jar;C:\java-dev\apache-maven\repository\org\apache\poi\poi\3.17\poi-3.17.jar;C:\java-dev\apache-maven\repository\commons-codec\commons-codec\1.10\commons-codec-1.10.jar;C:\java-dev\apache-maven\repository\org\apache\commons\commons-collections4\4.1\commons-collections4-4.1.jar;C:\java-dev\apache-maven\repository\org\apache\poi\poi-ooxml\3.17\poi-ooxml-3.17.jar;C:\java-dev\apache-maven\repository\com\github\virtuald\curvesapi\1.04\curvesapi-1.04.jar;C:\java-dev\apache-maven\repository\org\apache\poi\poi-scratchpad\3.17\poi-scratchpad-3.17.jar;C:\java-dev\apache-maven\repository\org\apache\poi\ooxml-schemas\1.1\ooxml-schemas-1.1.jar;C:\java-dev\apache-maven\repository\org\apache\xmlbeans\xmlbeans\2.3.0\xmlbeans-2.3.0.jar;C:\java-dev\apache-maven\repository\stax\stax-api\1.0.1\stax-api-1.0.1.jar;C:\java-dev\apache-maven\repository\org\apache\poi\poi-ooxml-schemas\3.17\poi-ooxml-schemas-3.17.jar;C:\java-dev\apache-maven\repository\org\slf4j\slf4j-api\1.7.13\slf4j-api-1.7.13.jar;C:\java-dev\apache-maven\repository\ch\qos\logback\logback-classic\1.2.3\logback-classic-1.2.3.jar;C:\java-dev\apache-maven\repository\ch\qos\logback\logback-core\1.2.3\logback-core-1.2.3.jar;"/>
    <property name="sun.cpu.endian" value="little"/>
    <property name="user.home" value="C:\Users\spring"/>
    <property name="user.language" value="zh"/>
    <property name="java.specification.vendor" value="Oracle Corporation"/>
    <property name="java.home" value="C:\java-dev\java\jdk1.8.0_261\jre"/>
    <property name="basedir" value="D:\项目工作空间\个人空间\dfs\commons-lang"/>
    <property name="file.separator" value="\"/>
    <property name="line.separator" value="&#10;"/>
    <property name="java.vm.specification.vendor" value="Oracle Corporation"/>
    <property name="java.specification.name" value="Java Platform API Specification"/>
    <property name="java.awt.graphicsenv" value="sun.awt.Win32GraphicsEnvironment"/>
    <property name="surefire.real.class.path" value="C:\Users\spring\AppData\Local\Temp\surefire9103899613321478504\surefirebooter3110498176415442246.jar"/>
    <property name="sun.boot.class.path" value="C:\java-dev\java\jdk1.8.0_261\jre\lib\resources.jar;C:\java-dev\java\jdk1.8.0_261\jre\lib\rt.jar;C:\java-dev\java\jdk1.8.0_261\jre\lib\sunrsasign.jar;C:\java-dev\java\jdk1.8.0_261\jre\lib\jsse.jar;C:\java-dev\java\jdk1.8.0_261\jre\lib\jce.jar;C:\java-dev\java\jdk1.8.0_261\jre\lib\charsets.jar;C:\java-dev\java\jdk1.8.0_261\jre\lib\jfr.jar;C:\java-dev\java\jdk1.8.0_261\jre\classes"/>
    <property name="user.script" value=""/>
    <property name="sun.management.compiler" value="HotSpot 64-Bit Tiered Compilers"/>
    <property name="java.runtime.version" value="1.8.0_261-b12"/>
    <property name="user.name" value="spring"/>
    <property name="path.separator" value=";"/>
    <property name="os.version" value="10.0"/>
    <property name="java.endorsed.dirs" value="C:\java-dev\java\jdk1.8.0_261\jre\lib\endorsed"/>
    <property name="java.runtime.name" value="Java(TM) SE Runtime Environment"/>
    <property name="file.encoding" value="GBK"/>
    <property name="java.vm.name" value="Java HotSpot(TM) 64-Bit Server VM"/>
    <property name="localRepository" value="C:\java-dev\apache-maven\repository"/>
    <property name="java.vendor.url.bug" value="http://bugreport.sun.com/bugreport/"/>
    <property name="java.io.tmpdir" value="C:\Users\spring\AppData\Local\Temp\"/>
    <property name="java.version" value="1.8.0_261"/>
    <property name="user.dir" value="D:\项目工作空间\个人空间\dfs\commons-lang"/>
    <property name="os.arch" value="amd64"/>
    <property name="java.vm.specification.name" value="Java Virtual Machine Specification"/>
    <property name="java.awt.printerjob" value="sun.awt.windows.WPrinterJob"/>
    <property name="sun.os.patch.level" value=""/>
    <property name="idea.version2019.3.5" value="true"/>
    <property name="java.library.path" value="C:\java-dev\java\jdk1.8.0_261\jre\bin;C:\Windows\Sun\Java\bin;C:\Windows\system32;C:\Windows;C:\Program Files (x86)\NetSarang\Xshell 6\;C:\Program Files (x86)\NetSarang\Xftp 6\;C:\Program Files (x86)\Common Files\Oracle\Java\javapath;C:\Windows\system32;C:\Windows;C:\Windows\System32\Wbem;C:\Windows\System32\WindowsPowerShell\v1.0\;C:\Windows\System32\OpenSSH\;C:\java-dev\java\jdk1.8.0_261\bin;C:\java-dev\apache-maven\apache-maven-3.6.3\bin;C:\Program Files\Git\cmd;C:\Program Files\TortoiseSVN\bin;C:\Users\spring\AppData\Local\Microsoft\WindowsApps;;C:\Users\spring\AppData\Local\JetBrains\IntelliJ IDEA 2019.3.5\bin;;."/>
    <property name="java.vm.info" value="mixed mode"/>
    <property name="java.vendor" value="Oracle Corporation"/>
    <property name="java.vm.version" value="25.261-b12"/>
    <property name="java.ext.dirs" value="C:\java-dev\java\jdk1.8.0_261\jre\lib\ext;C:\Windows\Sun\Java\lib\ext"/>
    <property name="sun.io.unicode.encoding" value="UnicodeLittle"/>
    <property name="java.class.version" value="52.0"/>
  </properties>
  <testcase name="shouldAnswerWithTrue" classname="xin.spring.bless.fast.AppTest" time="0.001"/>
</testsuite>